Программа начата.
Проверка треугольника: a=1, b=1, c=1 -> валидный
Треугольник определен. Тип: Равносторонний
Программа завершена.

Программа начата.
Проверка треугольника: a=2, b=2, c=3 -> валидный
Треугольник определен. Тип: Равнобедренный
Программа завершена.

Программа начата.
Проверка треугольника: a=100, b=105, c=120 -> валидный
Треугольник определен. Тип: Разносторонний
Программа завершена.

Программа начата.
Проверка треугольника: a=20, b=88, c=64 -> невалидный
Попытка определить несуществующий треугольник: a=20, b=88, c=64
Программа завершена.

Программа начата.
Проверка треугольника: a=83, b=45, c=89 -> валидный
Треугольник определен. Тип: Разносторонний
Программа завершена.

Программа начата.
Проверка треугольника: a=28, b=59, c=12 -> невалидный
Попытка определить несуществующий треугольник: a=28, b=59, c=12
Программа завершена.

Программа начата.
Проверка треугольника: a=27, b=68, c=0 -> невалидный
Попытка определить несуществующий треугольник: a=27, b=68, c=0
Программа завершена.

Программа начата.
Проверка треугольника: a=90, b=90, c=84 -> валидный
Треугольник определен. Тип: Равнобедренный
Программа завершена.

Программа начата.
Проверка треугольника: a=74, b=74, c=74 -> валидный
Треугольник определен. Тип: Равносторонний
Программа завершена.

Программа начата.
Проверка треугольника: a=6415653, b=32, c=41 -> невалидный
Попытка определить несуществующий треугольник: a=6415653, b=32, c=41
Программа завершена.

Программа начата.
Проверка треугольника: a=97, b=89, c=5 -> невалидный
Попытка определить несуществующий треугольник: a=97, b=89, c=5
Программа завершена.

Программа начата.
Проверка треугольника: a=82, b=54, c=13 -> невалидный
Попытка определить несуществующий треугольник: a=82, b=54, c=13
Программа завершена.



Программа начата.
Проверка треугольника: a=33, b=93, c=78 -> валидный
Треугольник определен. Тип: Разносторонний
Программа завершена.

Программа начата.
Проверка треугольника: a=87, b=8, c=390 -> невалидный
Попытка определить несуществующий треугольник: a=87, b=8, c=390
Программа завершена.

Программа начата.
Проверка треугольника: a=33, b=79, c=85 -> валидный
Треугольник определен. Тип: Разносторонний
Программа завершена.

Программа начата.
Проверка треугольника: a=39, b=19, c=9 -> невалидный
Попытка определить несуществующий треугольник: a=39, b=19, c=9
Программа завершена.

Программа начата.
Проверка треугольника: a=64, b=12, c=21 -> невалидный
Попытка определить несуществующий треугольник: a=64, b=12, c=21
Программа завершена.

Программа начата.
Проверка треугольника: a=0, b=0, c=0 -> невалидный
Попытка определить несуществующий треугольник: a=0, b=0, c=0
Программа завершена.

Программа начата.
Проверка треугольника: a=2147483647, b=2147483647, c=2147483647 -> валидный
Треугольник определен. Тип: Равносторонний
Программа завершена.

Программа начата.
Некорректный ввод: -2
Некорректный ввод: -
Некорректный ввод: -213535
Некорректный ввод: 5.1
Некорректный ввод: 15ю
Некорректный ввод: 2,2
Некорректный ввод: 2.2
Некорректный ввод: ф
Некорректный ввод: в
Некорректный ввод: геамо
